<?xml version="1.0" encoding="UTF-8"?>
<!-- Generated by org.testng.reporters.JUnitXMLReporter -->
<testsuite ignored="2" hostname="gunay-Latitude-5420" failures="0" tests="4" name="Test" time="62.057" errors="0" timestamp="2024-03-01T15:14:31 TRT">
  <testcase classname="tests.LoginTest" name="verifyLogin" time="10.136"/>
  <testcase classname="tests.LoginTest" name="invalidUserName" time="6.357"/>
  <testcase classname="tests.ProductTest" name="verifyForAddProduct" time="12.166"/>
  <testcase classname="tests.CardTest" name="verifyCardPageName" time="13.596"/>
  <testcase classname="tests.BaseTest" name="@BeforeSuite preSetup" time="0.0">
    <ignored/>
  </testcase> <!-- @BeforeSuite preSetup -->
  <testcase classname="tests.BaseTest" name="@BeforeSuite preSetup" time="0.0">
    <ignored/>
  </testcase> <!-- @BeforeSuite preSetup -->
</testsuite> <!-- Test -->
