<?xml version="1.0" encoding="UTF-8"?>
<testng-results ignored="1" total="4" passed="3" failed="0" skipped="0">
  <reporter-output>
  </reporter-output>
  <suite started-at="2024-02-28T16:01:10 TRT" name="Suite" finished-at="2024-02-28T16:01:51 TRT" duration-ms="41636">
    <groups>
    </groups>
    <test started-at="2024-02-28T16:01:10 TRT" name="Test" finished-at="2024-02-28T16:01:51 TRT" duration-ms="41636">
      <class name="tests.LoginTest">
        <test-method is-config="true" signature="preSetup()[pri:0, instance:tests.LoginTest@1817d444]" started-at="2024-02-28T16:01:10 TRT" name="preSetup" finished-at="2024-02-28T16:01:10 TRT" duration-ms="5" status="PASS">
          <reporter-output>
          </reporter-output>
        </test-method> <!-- preSetup -->
        <test-method is-config="true" signature="setup()[pri:0, instance:tests.LoginTest@1817d444]" started-at="2024-02-28T16:01:10 TRT" name="setup" finished-at="2024-02-28T16:01:16 TRT" duration-ms="6157" status="PASS">
          <reporter-output>
          </reporter-output>
        </test-method> <!-- setup -->
        <test-method is-config="true" signature="beforeMethod(java.lang.reflect.Method)[pri:0, instance:tests.LoginTest@1817d444]" started-at="2024-02-28T16:01:16 TRT" name="beforeMethod" finished-at="2024-02-28T16:01:16 TRT" duration-ms="526" status="PASS">
          <params>
            <param index="0">
              <value>
                <![CDATA[public void tests.LoginTest.verifyLogin(java.lang.String) throws java.lang.Exception]]>
              </value>
            </param>
          </params>
          <reporter-output>
          </reporter-output>
        </test-method> <!-- beforeMethod -->
        <test-method signature="verifyLogin(java.lang.String)[pri:1, instance:tests.LoginTest@1817d444]" started-at="2024-02-28T16:01:16 TRT" name="verifyLogin" finished-at="2024-02-28T16:01:27 TRT" duration-ms="10196" status="PASS">
          <params>
            <param index="0">
              <value>
                <![CDATA[Gunay]]>
              </value>
            </param>
          </params>
          <reporter-output>
          </reporter-output>
        </test-method> <!-- verifyLogin -->
        <test-method is-config="true" signature="beforeMethod(java.lang.reflect.Method)[pri:0, instance:tests.LoginTest@1817d444]" started-at="2024-02-28T16:01:27 TRT" name="beforeMethod" finished-at="2024-02-28T16:01:27 TRT" duration-ms="154" status="PASS">
          <params>
            <param index="0">
              <value>
                <![CDATA[public void tests.LoginTest.invalidUserName() throws java.lang.Exception]]>
              </value>
            </param>
          </params>
          <reporter-output>
          </reporter-output>
        </test-method> <!-- beforeMethod -->
        <test-method signature="invalidUserName()[pri:2, instance:tests.LoginTest@1817d444]" started-at="2024-02-28T16:01:27 TRT" name="invalidUserName" finished-at="2024-02-28T16:01:33 TRT" duration-ms="6170" status="PASS">
          <reporter-output>
          </reporter-output>
        </test-method> <!-- invalidUserName -->
        <test-method is-config="true" signature="tearDown()[pri:0, instance:tests.LoginTest@1817d444]" started-at="2024-02-28T16:01:33 TRT" name="tearDown" finished-at="2024-02-28T16:01:35 TRT" duration-ms="2217" status="PASS">
          <reporter-output>
          </reporter-output>
        </test-method> <!-- tearDown -->
      </class> <!-- tests.LoginTest -->
      <class name="tests.ProductTest">
        <test-method is-config="true" signature="setup()[pri:0, instance:tests.ProductTest@41e36e46]" started-at="2024-02-28T16:01:35 TRT" name="setup" finished-at="2024-02-28T16:01:39 TRT" duration-ms="4301" status="PASS">
          <reporter-output>
          </reporter-output>
        </test-method> <!-- setup -->
        <test-method is-config="true" signature="beforeMethod(java.lang.reflect.Method)[pri:0, instance:tests.ProductTest@41e36e46]" started-at="2024-02-28T16:01:39 TRT" name="beforeMethod" finished-at="2024-02-28T16:01:40 TRT" duration-ms="128" status="PASS">
          <params>
            <param index="0">
              <value>
                <![CDATA[public void tests.ProductTest.verifyProduct(java.lang.String) throws java.lang.Exception]]>
              </value>
            </param>
          </params>
          <reporter-output>
          </reporter-output>
        </test-method> <!-- beforeMethod -->
        <test-method signature="verifyProduct(java.lang.String)[pri:0, instance:tests.ProductTest@41e36e46]" started-at="2024-02-28T16:01:40 TRT" name="verifyProduct" finished-at="2024-02-28T16:01:51 TRT" duration-ms="11476" status="PASS">
          <params>
            <param index="0">
              <value>
                <![CDATA[Gunay]]>
              </value>
            </param>
          </params>
          <reporter-output>
          </reporter-output>
        </test-method> <!-- verifyProduct -->
        <test-method is-config="true" signature="tearDown()[pri:0, instance:tests.ProductTest@41e36e46]" started-at="2024-02-28T16:01:51 TRT" name="tearDown" finished-at="2024-02-28T16:01:51 TRT" duration-ms="288" status="PASS">
          <reporter-output>
          </reporter-output>
        </test-method> <!-- tearDown -->
      </class> <!-- tests.ProductTest -->
    </test> <!-- Test -->
  </suite> <!-- Suite -->
</testng-results>
