<?xml version="1.0" encoding="UTF-8"?>
<testng-results ignored="2" total="6" passed="4" failed="0" skipped="0">
  <reporter-output>
  </reporter-output>
  <suite started-at="2024-03-01T15:13:29 TRT" name="Suite" finished-at="2024-03-01T15:14:31 TRT" duration-ms="62057">
    <groups>
    </groups>
    <test started-at="2024-03-01T15:13:29 TRT" name="Test" finished-at="2024-03-01T15:14:31 TRT" duration-ms="62057">
      <class name="tests.LoginTest">
        <test-method is-config="true" signature="preSetup()[pri:0, instance:tests.LoginTest@50b472aa]" started-at="2024-03-01T15:13:29 TRT" name="preSetup" finished-at="2024-03-01T15:13:29 TRT" duration-ms="5" status="PASS">
          <reporter-output>
          </reporter-output>
        </test-method> <!-- preSetup -->
        <test-method is-config="true" signature="setup()[pri:0, instance:tests.LoginTest@50b472aa]" started-at="2024-03-01T15:13:29 TRT" name="setup" finished-at="2024-03-01T15:13:33 TRT" duration-ms="4887" status="PASS">
          <reporter-output>
          </reporter-output>
        </test-method> <!-- setup -->
        <test-method is-config="true" signature="beforeMethod(java.lang.reflect.Method)[pri:0, instance:tests.LoginTest@50b472aa]" started-at="2024-03-01T15:13:33 TRT" name="beforeMethod" finished-at="2024-03-01T15:13:34 TRT" duration-ms="596" status="PASS">
          <params>
            <param index="0">
              <value>
                <![CDATA[public void tests.LoginTest.verifyLogin(java.lang.String) throws java.lang.Exception]]>
              </value>
            </param>
          </params>
          <reporter-output>
          </reporter-output>
        </test-method> <!-- beforeMethod -->
        <test-method signature="verifyLogin(java.lang.String)[pri:1, instance:tests.LoginTest@50b472aa]" started-at="2024-03-01T15:13:34 TRT" name="verifyLogin" finished-at="2024-03-01T15:13:44 TRT" duration-ms="10136" status="PASS">
          <params>
            <param index="0">
              <value>
                <![CDATA[Gunay]]>
              </value>
            </param>
          </params>
          <reporter-output>
          </reporter-output>
        </test-method> <!-- verifyLogin -->
        <test-method is-config="true" signature="beforeMethod(java.lang.reflect.Method)[pri:0, instance:tests.LoginTest@50b472aa]" started-at="2024-03-01T15:13:44 TRT" name="beforeMethod" finished-at="2024-03-01T15:13:44 TRT" duration-ms="195" status="PASS">
          <params>
            <param index="0">
              <value>
                <![CDATA[public void tests.LoginTest.invalidUserName() throws java.lang.Exception]]>
              </value>
            </param>
          </params>
          <reporter-output>
          </reporter-output>
        </test-method> <!-- beforeMethod -->
        <test-method signature="invalidUserName()[pri:2, instance:tests.LoginTest@50b472aa]" started-at="2024-03-01T15:13:44 TRT" name="invalidUserName" finished-at="2024-03-01T15:13:51 TRT" duration-ms="6357" status="PASS">
          <reporter-output>
          </reporter-output>
        </test-method> <!-- invalidUserName -->
        <test-method is-config="true" signature="tearDown()[pri:0, instance:tests.LoginTest@50b472aa]" started-at="2024-03-01T15:13:51 TRT" name="tearDown" finished-at="2024-03-01T15:13:51 TRT" duration-ms="323" status="PASS">
          <reporter-output>
          </reporter-output>
        </test-method> <!-- tearDown -->
      </class> <!-- tests.LoginTest -->
      <class name="tests.ProductTest">
        <test-method is-config="true" signature="setup()[pri:0, instance:tests.ProductTest@3d74bf60]" started-at="2024-03-01T15:13:51 TRT" name="setup" finished-at="2024-03-01T15:13:57 TRT" duration-ms="6354" status="PASS">
          <reporter-output>
          </reporter-output>
        </test-method> <!-- setup -->
        <test-method is-config="true" signature="beforeMethod(java.lang.reflect.Method)[pri:0, instance:tests.ProductTest@3d74bf60]" started-at="2024-03-01T15:13:57 TRT" name="beforeMethod" finished-at="2024-03-01T15:13:58 TRT" duration-ms="151" status="PASS">
          <params>
            <param index="0">
              <value>
                <![CDATA[public void tests.ProductTest.verifyForAddProduct(java.lang.String) throws java.lang.Exception]]>
              </value>
            </param>
          </params>
          <reporter-output>
          </reporter-output>
        </test-method> <!-- beforeMethod -->
        <test-method signature="verifyForAddProduct(java.lang.String)[pri:0, instance:tests.ProductTest@3d74bf60]" started-at="2024-03-01T15:13:58 TRT" name="verifyForAddProduct" finished-at="2024-03-01T15:14:10 TRT" duration-ms="12166" status="PASS">
          <params>
            <param index="0">
              <value>
                <![CDATA[Gunay]]>
              </value>
            </param>
          </params>
          <reporter-output>
          </reporter-output>
        </test-method> <!-- verifyForAddProduct -->
        <test-method is-config="true" signature="tearDown()[pri:0, instance:tests.ProductTest@3d74bf60]" started-at="2024-03-01T15:14:10 TRT" name="tearDown" finished-at="2024-03-01T15:14:10 TRT" duration-ms="405" status="PASS">
          <reporter-output>
          </reporter-output>
        </test-method> <!-- tearDown -->
      </class> <!-- tests.ProductTest -->
      <class name="tests.CardTest">
        <test-method is-config="true" signature="setup()[pri:0, instance:tests.CardTest@4f209819]" started-at="2024-03-01T15:14:10 TRT" name="setup" finished-at="2024-03-01T15:14:16 TRT" duration-ms="6307" status="PASS">
          <reporter-output>
          </reporter-output>
        </test-method> <!-- setup -->
        <test-method is-config="true" signature="beforeMethod(java.lang.reflect.Method)[pri:0, instance:tests.CardTest@4f209819]" started-at="2024-03-01T15:14:16 TRT" name="beforeMethod" finished-at="2024-03-01T15:14:17 TRT" duration-ms="253" status="PASS">
          <params>
            <param index="0">
              <value>
                <![CDATA[public void tests.CardTest.verifyCardPageName(java.lang.String) throws java.lang.Exception]]>
              </value>
            </param>
          </params>
          <reporter-output>
          </reporter-output>
        </test-method> <!-- beforeMethod -->
        <test-method signature="verifyCardPageName(java.lang.String)[pri:0, instance:tests.CardTest@4f209819]" started-at="2024-03-01T15:14:17 TRT" name="verifyCardPageName" finished-at="2024-03-01T15:14:30 TRT" duration-ms="13596" status="PASS">
          <params>
            <param index="0">
              <value>
                <![CDATA[Gunay]]>
              </value>
            </param>
          </params>
          <reporter-output>
          </reporter-output>
        </test-method> <!-- verifyCardPageName -->
        <test-method is-config="true" signature="tearDown()[pri:0, instance:tests.CardTest@4f209819]" started-at="2024-03-01T15:14:30 TRT" name="tearDown" finished-at="2024-03-01T15:14:31 TRT" duration-ms="303" status="PASS">
          <reporter-output>
          </reporter-output>
        </test-method> <!-- tearDown -->
      </class> <!-- tests.CardTest -->
    </test> <!-- Test -->
  </suite> <!-- Suite -->
</testng-results>
